2025-08-17 22:06:56,268 INFO: Buscando artista 'orochi'...
2025-08-17 22:06:57,523 INFO: Nenhum artista oficial encontrado.
2025-08-17 22:07:01,982 INFO: Buscando artista 'orochi'...
2025-08-17 22:07:03,202 INFO: Nenhum artista oficial encontrado.
2025-08-17 22:07:08,380 INFO: Buscando artista 'orochi'...
2025-08-17 22:07:09,509 INFO: Nenhum artista oficial encontrado.
2025-08-17 22:08:21,319 INFO: Buscando artista 'orochi'...
2025-08-17 22:08:22,524 INFO: Nenhum artista oficial encontrado.
2025-08-17 22:11:56,549 INFO: Buscando artista 'orochi'...
2025-08-17 22:11:57,831 INFO: Nenhum artista oficial encontrado.
2025-08-17 22:12:00,643 INFO: Buscando artista 'orochi'...
2025-08-17 22:12:01,922 INFO: Nenhum artista oficial encontrado.
2025-08-17 22:19:32,180 INFO: Buscando artista 'matue'...
2025-08-17 22:19:32,180 INFO: Erro na busca: YOUTUBE_API_KEY não configurada no .env
2025-08-17 22:28:23,549 INFO: Buscando artista 'matue'...
2025-08-17 22:28:23,552 INFO: file_cache is only supported with oauth2client<4.0.0
2025-08-17 22:28:26,512 INFO: 4 artista(s) encontrado(s). Selecione um.
2025-08-17 22:28:29,759 INFO: Buscando músicas populares de Matuê - Topic...
2025-08-17 22:28:29,761 INFO: file_cache is only supported with oauth2client<4.0.0
2025-08-17 22:28:30,813 INFO: 20 músicas populares encontradas.
2025-08-17 22:28:33,675 INFO: Buscando músicas populares de 30PRAUM...
2025-08-17 22:28:33,677 INFO: file_cache is only supported with oauth2client<4.0.0
2025-08-17 22:28:34,762 INFO: 20 músicas populares encontradas.
2025-08-17 22:28:38,261 INFO: Buscando músicas populares de Matuê - Topic...
2025-08-17 22:28:38,263 INFO: file_cache is only supported with oauth2client<4.0.0
2025-08-17 22:28:39,358 INFO: 20 músicas populares encontradas.
2025-08-17 22:30:01,571 INFO: Buscando artista 'cleyton rasta'...
2025-08-17 22:30:01,575 INFO: file_cache is only supported with oauth2client<4.0.0
2025-08-17 22:30:04,650 INFO: 5 artista(s) encontrado(s). Selecione um.
2025-08-17 22:30:06,332 INFO: Buscando músicas populares de DJ CLEITON RASTA...
2025-08-17 22:30:06,334 INFO: file_cache is only supported with oauth2client<4.0.0
2025-08-17 22:30:07,356 INFO: 0 músicas populares encontradas.
2025-08-17 22:30:18,463 INFO: Buscando artista 'joao gomes'...
2025-08-17 22:30:18,470 INFO: file_cache is only supported with oauth2client<4.0.0
2025-08-17 22:30:22,392 INFO: 6 artista(s) encontrado(s). Selecione um.
2025-08-17 22:30:22,397 INFO: Buscando artista 'joao gomes'...
2025-08-17 22:30:22,399 INFO: file_cache is only supported with oauth2client<4.0.0
2025-08-17 22:30:24,530 INFO: 6 artista(s) encontrado(s). Selecione um.
2025-08-17 22:30:26,589 INFO: Buscando músicas populares de João Gomes Cantor...
2025-08-17 22:30:26,591 INFO: file_cache is only supported with oauth2client<4.0.0
2025-08-17 22:30:27,679 INFO: 20 músicas populares encontradas.
2025-08-17 22:38:26,212 INFO: Buscando artista 'orochi'...
2025-08-17 22:38:26,220 INFO: file_cache is only supported with oauth2client<4.0.0
2025-08-17 22:38:29,606 INFO: 4 artista(s) encontrado(s). Selecione um.
2025-08-17 22:38:30,682 INFO: Buscando músicas populares de Orochi - Topic...
2025-08-17 22:38:30,683 INFO: file_cache is only supported with oauth2client<4.0.0
2025-08-17 22:38:31,775 INFO: 5 músicas populares encontradas.
2025-08-17 22:38:35,873 INFO: Iniciando download de 5 músicas em formato mp3...
2025-08-17 22:38:35,879 INFO: Iniciando download: Mitsubishi
2025-08-17 22:38:35,880 INFO: Iniciando download: Amor de Fim de Noite
2025-08-17 22:38:35,880 INFO: Iniciando download: Amor de Fim de Noite
2025-08-17 22:38:43,563 INFO: Erro ao baixar Amor de Fim de Noite: [0;31mERROR:[0m Unable to rename file: [WinError 32] O arquivo já está sendo usado por outro processo: 'downloads\\Orochi - Topic\\Amor de Fim de Noite.webm.part' -> 'downloads\\Orochi - Topic\\Amor de Fim de Noite.webm'. Giving up after 3 retries
2025-08-17 22:38:43,564 INFO: Iniciando download: Acende o Isqueiro
2025-08-17 22:38:43,761 INFO: Erro ao baixar Amor de Fim de Noite: [0;31mERROR:[0m Postprocessing: ffprobe and ffmpeg not found. Please install or provide the path using --ffmpeg-location
2025-08-17 22:38:43,762 INFO: Iniciando download: Celebridade
2025-08-17 22:38:43,949 INFO: Erro ao baixar Mitsubishi: [0;31mERROR:[0m Postprocessing: ffprobe and ffmpeg not found. Please install or provide the path using --ffmpeg-location
2025-08-17 22:38:48,454 INFO: Erro ao baixar Acende o Isqueiro: [0;31mERROR:[0m Postprocessing: ffprobe and ffmpeg not found. Please install or provide the path using --ffmpeg-location
2025-08-17 22:38:48,942 INFO: Erro ao baixar Celebridade: [0;31mERROR:[0m Postprocessing: ffprobe and ffmpeg not found. Please install or provide the path using --ffmpeg-location
2025-08-17 22:44:48,597 INFO: Buscando artista 'orochi'...
2025-08-17 22:44:48,600 INFO: file_cache is only supported with oauth2client<4.0.0
2025-08-17 22:44:50,747 INFO: 3 artista(s) encontrado(s). Selecione um.
2025-08-17 22:44:53,089 INFO: Nenhuma música selecionada.
2025-08-17 22:44:54,339 INFO: Buscando músicas populares de Orochi...
2025-08-17 22:44:54,341 INFO: file_cache is only supported with oauth2client<4.0.0
2025-08-17 22:44:55,426 INFO: 20 músicas populares encontradas.
2025-08-17 22:44:55,437 INFO: Iniciando download de 20 músicas em formato mp3...
2025-08-17 22:44:55,454 INFO: Iniciando download: Orochi &quot;BALÃO&quot; \U0001f388 (Prod. Dallass)
2025-08-17 22:44:55,457 INFO: Iniciando download: Orochi “CELEBRIDADE“ \U0001f30e (Prod. Kizzy)
2025-08-17 22:44:55,458 INFO: Iniciando download: Orochi &quot;AMOR DE FIM DE NOITE&quot; \U0001f339 (Prod. Papatinho)
2025-08-17 22:44:56,776 INFO: Iniciando download de 20 músicas em formato mp3...
2025-08-17 22:45:06,672 INFO: Concluído: Orochi “CELEBRIDADE“ \U0001f30e (Prod. Kizzy)
2025-08-17 22:45:06,672 INFO: Iniciando download: Orochi “MITSUBISHI” \U0001f51e (prod. Kizzy)
2025-08-17 22:45:06,755 INFO: Concluído: Orochi &quot;AMOR DE FIM DE NOITE&quot; \U0001f339 (Prod. Papatinho)
2025-08-17 22:45:06,755 INFO: Iniciando download: Orochi &quot;ACENDE O ISQUEIRO&quot; \U0001f4b0 (Prod. Kizzy)
2025-08-17 22:45:07,042 INFO: Concluído: Orochi &quot;BALÃO&quot; \U0001f388 (Prod. Dallass)
2025-08-17 22:45:07,042 INFO: Iniciando download: Orochi &quot;LOBO&quot;\U0001f43a feat. Poze do Rodo (prod. Ajaxx)
2025-08-17 22:45:16,314 INFO: Concluído: Orochi &quot;ACENDE O ISQUEIRO&quot; \U0001f4b0 (Prod. Kizzy)
2025-08-17 22:45:16,315 INFO: Iniciando download: Orochi &quot;CHAMPAGNE&quot; feat. PL Quest, BIN (prod. Kizzy)
2025-08-17 22:45:16,392 INFO: Concluído: Orochi “MITSUBISHI” \U0001f51e (prod. Kizzy)
2025-08-17 22:45:16,392 INFO: Iniciando download: Orochi &quot;ANTES DO SOL NASCER&quot; feat. PL Quest e Shok (prod. Kizzy)
2025-08-17 22:45:17,281 INFO: Concluído: Orochi &quot;LOBO&quot;\U0001f43a feat. Poze do Rodo (prod. Ajaxx)
2025-08-17 22:45:17,281 INFO: Iniciando download: Orochi &quot;DEIXA CHAPAR&quot; \U0001f4a8 (prod. Kizzy)
2025-08-17 22:45:26,572 INFO: Concluído: Orochi &quot;ANTES DO SOL NASCER&quot; feat. PL Quest e Shok (prod. Kizzy)
2025-08-17 22:45:26,572 INFO: Iniciando download: Orochi &quot;SOBRE NÓS&quot; (prod.Ajaxx)
2025-08-17 22:45:26,798 INFO: Concluído: Orochi &quot;CHAMPAGNE&quot; feat. PL Quest, BIN (prod. Kizzy)
2025-08-17 22:45:26,798 INFO: Iniciando download: Orochi “ACELERANDO” \U0001f686 (prod. jess)
2025-08-17 22:45:26,957 INFO: Concluído: Orochi &quot;DEIXA CHAPAR&quot; \U0001f4a8 (prod. Kizzy)
2025-08-17 22:45:26,957 INFO: Iniciando download: Orochi “VERMELHO FERRARI“\U0001f484feat. Maquiny (Prod. jess)
2025-08-17 22:45:36,173 INFO: Concluído: Orochi &quot;SOBRE NÓS&quot; (prod.Ajaxx)
2025-08-17 22:45:36,173 INFO: Iniciando download: Orochi &quot;ISSO QUE É ARTE&quot; (prod. Kizzy)
2025-08-17 22:45:36,695 INFO: Concluído: Orochi “ACELERANDO” \U0001f686 (prod. jess)
2025-08-17 22:45:36,695 INFO: Iniciando download: Orochi &quot;TANTO FAZ&quot; feat. PL Quest (prod. Kizzy)
2025-08-17 22:45:37,218 INFO: Concluído: Orochi “VERMELHO FERRARI“\U0001f484feat. Maquiny (Prod. jess)
2025-08-17 22:45:37,218 INFO: Iniciando download: Orochi &quot;ARRASTA PRA CIMA&quot; (prod. Ajaxx)
2025-08-17 22:45:46,711 INFO: Concluído: Orochi &quot;TANTO FAZ&quot; feat. PL Quest (prod. Kizzy)
2025-08-17 22:45:46,711 INFO: Iniciando download: Orochi “Até de Manhã“ (prod. jess, Ajaxx, Kizzy)
2025-08-17 22:45:47,256 INFO: Concluído: Orochi &quot;ISSO QUE É ARTE&quot; (prod. Kizzy)
2025-08-17 22:45:47,256 INFO: Iniciando download: Orochi “NOVA COLÔNIA” \U0001f64f\U0001f3ff (prod. Dallass)
2025-08-17 22:45:48,355 INFO: Concluído: Orochi &quot;ARRASTA PRA CIMA&quot; (prod. Ajaxx)
2025-08-17 22:45:48,355 INFO: Iniciando download: Orochi &quot;SE O MUNDO ACABASSE HOJE&quot; feat. Borges  (prod.Ajaxx)
2025-08-17 22:45:56,596 INFO: Concluído: Orochi “Até de Manhã“ (prod. jess, Ajaxx, Kizzy)
2025-08-17 22:45:56,596 INFO: Iniciando download: Orochi - Fashion (prod. TKN, RUXN, Kizzy, ProdSmile) VIDEOCLIPE OFICIAL
2025-08-17 22:45:57,595 INFO: Concluído: Orochi “NOVA COLÔNIA” \U0001f64f\U0001f3ff (prod. Dallass)
2025-08-17 22:45:57,596 INFO: Iniciando download: Orochi ft. L7NNON, MC Paulin da Capital &quot;PIXADÃO&quot; \U0001f926\U0001f3ff\u200d\u2642\ufe0f (prod. Ruxn, Kizzy)
2025-08-17 22:45:58,212 INFO: Concluído: Orochi &quot;SE O MUNDO ACABASSE HOJE&quot; feat. Borges  (prod.Ajaxx)
2025-08-17 22:45:58,232 INFO: Iniciando download: Orochi &quot;AMOR DE FIM DE NOITE&quot; \U0001f339 (Prod. Papatinho)
2025-08-17 22:46:06,842 INFO: Concluído: Orochi - Fashion (prod. TKN, RUXN, Kizzy, ProdSmile) VIDEOCLIPE OFICIAL
2025-08-17 22:46:06,843 INFO: Iniciando download: Orochi &quot;BALÃO&quot; \U0001f388 (Prod. Dallass)
2025-08-17 22:46:07,886 INFO: Concluído: Orochi &quot;AMOR DE FIM DE NOITE&quot; \U0001f339 (Prod. Papatinho)
2025-08-17 22:46:07,886 INFO: Iniciando download: Orochi “CELEBRIDADE“ \U0001f30e (Prod. Kizzy)
2025-08-17 22:46:09,393 INFO: Concluído: Orochi ft. L7NNON, MC Paulin da Capital &quot;PIXADÃO&quot; \U0001f926\U0001f3ff\u200d\u2642\ufe0f (prod. Ruxn, Kizzy)
2025-08-17 22:46:09,423 INFO: Iniciando download: Orochi “MITSUBISHI” \U0001f51e (prod. Kizzy)
2025-08-17 22:46:16,044 INFO: Concluído: Orochi &quot;BALÃO&quot; \U0001f388 (Prod. Dallass)
2025-08-17 22:46:16,044 INFO: Iniciando download: Orochi &quot;ACENDE O ISQUEIRO&quot; \U0001f4b0 (Prod. Kizzy)
2025-08-17 22:46:18,253 INFO: Concluído: Orochi “MITSUBISHI” \U0001f51e (prod. Kizzy)
2025-08-17 22:46:18,282 INFO: Iniciando download: Orochi &quot;LOBO&quot;\U0001f43a feat. Poze do Rodo (prod. Ajaxx)
2025-08-17 22:46:18,299 INFO: Concluído: Orochi “CELEBRIDADE“ \U0001f30e (Prod. Kizzy)
2025-08-17 22:46:18,439 INFO: Iniciando download: Orochi &quot;CHAMPAGNE&quot; feat. PL Quest, BIN (prod. Kizzy)
2025-08-17 22:46:23,112 INFO: Concluído: Orochi &quot;ACENDE O ISQUEIRO&quot; \U0001f4b0 (Prod. Kizzy)
2025-08-17 22:46:23,157 INFO: Iniciando download: Orochi &quot;ANTES DO SOL NASCER&quot; feat. PL Quest e Shok (prod. Kizzy)
2025-08-17 22:46:28,496 INFO: Concluído: Orochi &quot;CHAMPAGNE&quot; feat. PL Quest, BIN (prod. Kizzy)
2025-08-17 22:46:28,496 INFO: Iniciando download: Orochi &quot;DEIXA CHAPAR&quot; \U0001f4a8 (prod. Kizzy)
2025-08-17 22:46:28,666 INFO: Concluído: Orochi &quot;LOBO&quot;\U0001f43a feat. Poze do Rodo (prod. Ajaxx)
2025-08-17 22:46:28,666 INFO: Iniciando download: Orochi &quot;SOBRE NÓS&quot; (prod.Ajaxx)
2025-08-17 22:46:31,487 INFO: Concluído: Orochi &quot;ANTES DO SOL NASCER&quot; feat. PL Quest e Shok (prod. Kizzy)
2025-08-17 22:46:31,487 INFO: Iniciando download: Orochi “ACELERANDO” \U0001f686 (prod. jess)
2025-08-17 22:46:36,258 INFO: Concluído: Orochi &quot;SOBRE NÓS&quot; (prod.Ajaxx)
2025-08-17 22:46:36,259 INFO: Iniciando download: Orochi “VERMELHO FERRARI“\U0001f484feat. Maquiny (Prod. jess)
2025-08-17 22:46:36,994 INFO: Concluído: Orochi &quot;DEIXA CHAPAR&quot; \U0001f4a8 (prod. Kizzy)
2025-08-17 22:46:36,994 INFO: Iniciando download: Orochi &quot;ISSO QUE É ARTE&quot; (prod. Kizzy)
2025-08-17 22:46:39,431 INFO: Concluído: Orochi “ACELERANDO” \U0001f686 (prod. jess)
2025-08-17 22:46:39,431 INFO: Iniciando download: Orochi &quot;TANTO FAZ&quot; feat. PL Quest (prod. Kizzy)
2025-08-17 23:22:36,039 INFO: Buscando artista 'Orochi'...
2025-08-17 23:22:36,041 INFO: file_cache is only supported with oauth2client<4.0.0
2025-08-17 23:22:38,455 INFO: 3 artista(s) encontrado(s). Selecione um.
2025-08-17 23:22:40,607 INFO: Buscando músicas populares de Orochi...
2025-08-17 23:22:40,609 INFO: file_cache is only supported with oauth2client<4.0.0
2025-08-17 23:22:41,742 INFO: 20 músicas populares encontradas.
2025-08-17 23:22:59,615 INFO: Buscando artista 'Orochi'...
2025-08-17 23:22:59,617 INFO: file_cache is only supported with oauth2client<4.0.0
2025-08-17 23:23:01,571 INFO: 3 artista(s) encontrado(s). Selecione um.
2025-08-17 23:23:03,395 INFO: Buscando músicas populares de Orochi...
2025-08-17 23:23:03,396 INFO: file_cache is only supported with oauth2client<4.0.0
2025-08-17 23:23:04,251 INFO: 5 músicas populares encontradas.
2025-08-17 23:23:05,562 INFO: Iniciando download de 5 músicas em formato mp3...
2025-08-17 23:23:05,563 INFO: Já existe: Orochi “CELEBRIDADE“ \U0001f30e (Prod. Kizzy).mp3, pulando download.
2025-08-17 23:23:05,563 INFO: Já existe: Orochi “MITSUBISHI” \U0001f51e (prod. Kizzy).mp3, pulando download.
2025-08-17 23:24:04,917 INFO: Nenhuma música selecionada.
2025-08-17 23:24:11,384 INFO: Digite o nome de um artista.
2025-08-17 23:24:23,091 INFO: Digite o nome de um artista.
2025-08-17 23:24:32,956 INFO: Buscando artista 'Orochi'...
2025-08-17 23:24:32,959 INFO: file_cache is only supported with oauth2client<4.0.0
2025-08-17 23:24:34,900 INFO: 3 artista(s) encontrado(s). Selecione um.
2025-08-17 23:24:35,723 INFO: Buscando músicas populares de Orochi - Topic...
2025-08-17 23:24:35,724 INFO: file_cache is only supported with oauth2client<4.0.0
2025-08-17 23:24:36,640 INFO: 20 músicas populares encontradas.
2025-08-17 23:24:36,650 INFO: Buscando músicas populares de Orochi...
2025-08-17 23:24:36,652 INFO: file_cache is only supported with oauth2client<4.0.0
2025-08-17 23:24:37,682 INFO: 20 músicas populares encontradas.
2025-08-17 23:24:43,542 INFO: Iniciando download de 20 músicas em formato mp3...
2025-08-17 23:24:43,543 INFO: Já existe: Orochi “CELEBRIDADE“ \U0001f30e (Prod. Kizzy).mp3, pulando download.
2025-08-17 23:24:43,543 INFO: Já existe: Orochi “MITSUBISHI” \U0001f51e (prod. Kizzy).mp3, pulando download.
2025-08-17 23:24:43,543 INFO: Já existe: Orochi “ACELERANDO” \U0001f686 (prod. jess).mp3, pulando download.
2025-08-17 23:24:43,544 INFO: Já existe: Orochi “VERMELHO FERRARI“\U0001f484feat. Maquiny (Prod. jess).mp3, pulando download.
2025-08-17 23:24:43,544 INFO: Já existe: Orochi “Até de Manhã“ (prod. jess, Ajaxx, Kizzy).mp3, pulando download.
2025-08-17 23:24:43,544 INFO: Já existe: Orochi “NOVA COLÔNIA” \U0001f64f\U0001f3ff (prod. Dallass).mp3, pulando download.
2025-08-17 23:24:43,545 INFO: Já existe: Orochi - Fashion (prod. TKN, RUXN, Kizzy, ProdSmile) VIDEOCLIPE OFICIAL.mp3, pulando download.
